\BOOKMARK [1][-]{section.1}{Introduction}{}
\BOOKMARK [1][-]{section.2}{Connecting}{}
\BOOKMARK [2][-]{subsection.2.1}{Samba: Finder access in OS X}{section.2}
\BOOKMARK [2][-]{subsection.2.2}{SSH}{section.2}
\BOOKMARK [2][-]{subsection.2.3}{x2go}{section.2}
\BOOKMARK [3][-]{subsubsection.2.3.1}{Troubleshooting x2go}{subsection.2.3}
\BOOKMARK [2][-]{subsection.2.4}{Passwords}{section.2}
\BOOKMARK [1][-]{section.3}{Hardware}{}
\BOOKMARK [2][-]{subsection.3.1}{Hardware List}{section.3}
\BOOKMARK [1][-]{section.4}{Server Architecture}{}
\BOOKMARK [2][-]{subsection.4.1}{Partitions}{section.4}
\BOOKMARK [2][-]{subsection.4.2}{Operating System}{section.4}
\BOOKMARK [2][-]{subsection.4.3}{Directories}{section.4}
\BOOKMARK [2][-]{subsection.4.4}{Permissions}{section.4}
\BOOKMARK [3][-]{subsubsection.4.4.1}{RAW}{subsection.4.4}
\BOOKMARK [3][-]{subsubsection.4.4.2}{WORKING}{subsection.4.4}
\BOOKMARK [3][-]{subsubsection.4.4.3}{ANALYSIS}{subsection.4.4}
\BOOKMARK [3][-]{subsubsection.4.4.4}{Privacy Notes}{subsection.4.4}
\BOOKMARK [2][-]{subsection.4.5}{Security}{section.4}
\BOOKMARK [2][-]{subsection.4.6}{Backup}{section.4}
\BOOKMARK [1][-]{section.5}{Software \046 Configuration}{}
\BOOKMARK [2][-]{subsection.5.1}{MRI Tools}{section.5}
\BOOKMARK [2][-]{subsection.5.2}{Programming Languages}{section.5}
\BOOKMARK [1][-]{section.6}{The Pipeline}{}
\BOOKMARK [1][-]{section.7}{Further Reading}{}
